<?xml version="1.0" encoding="UTF-8"?>
<!-- Generated by org.testng.reporters.JUnitReportReporter -->
<testsuite skipped="0" hostname="WKSP000A51EA" name="com.training.sanity.tests.LoginTests" tests="1" failures="0" timestamp="2019-11-25T02:55:44 EST" time="8.885" errors="0">
  <testcase name="validLoginTest" time="8.885" classname="com.training.sanity.tests.LoginTests"/>
</testsuite> <!-- com.training.sanity.tests.LoginTests -->
